<?xml version="1.0" encoding="UTF-8"?>
<testng-results ignored="0" total="1" passed="1" failed="0" skipped="0">
  <reporter-output>
  </reporter-output>
  <suite started-at="2023-11-10T13:07:23 IST" name="Default suite" finished-at="2023-11-10T13:07:40 IST" duration-ms="16877">
    <groups>
    </groups>
    <test started-at="2023-11-10T13:07:23 IST" name="Default test" finished-at="2023-11-10T13:07:40 IST" duration-ms="16877">
      <class name="Honey.maven.Mavendemo">
        <test-method is-config="true" signature="browser()[pri:0, instance:Honey.maven.Mavendemo@126253fd]" started-at="2023-11-10T13:07:23 IST" name="browser" finished-at="2023-11-10T13:07:31 IST" duration-ms="7613" status="PASS">
          <reporter-output>
          </reporter-output>
        </test-method> <!-- browser -->
        <test-method signature="testdemo()[pri:0, instance:Honey.maven.Mavendemo@126253fd]" started-at="2023-11-10T13:07:31 IST" name="testdemo" finished-at="2023-11-10T13:07:40 IST" duration-ms="9223" status="PASS">
          <reporter-output>
          </reporter-output>
        </test-method> <!-- testdemo -->
        <test-method is-config="true" signature="browsertwo()[pri:0, instance:Honey.maven.Mavendemo@126253fd]" started-at="2023-11-10T13:07:40 IST" name="browsertwo" finished-at="2023-11-10T13:07:40 IST" duration-ms="0" status="PASS">
          <reporter-output>
          </reporter-output>
        </test-method> <!-- browsertwo -->
      </class> <!-- Honey.maven.Mavendemo -->
    </test> <!-- Default test -->
  </suite> <!-- Default suite -->
</testng-results>
